[16-Dec-2022 09:51:49 America/Boise] PHP Fatal error:  Composer detected issues in your platform: Your Composer dependencies require a PHP version ">= 8.1.0". You are running 8.0.26. in /home3/curiowq4/public_html/DEVELOPMENT/vendor/composer/platform_check.php on line 24
[16-Dec-2022 10:31:59 America/Boise] PHP Fatal error:  Composer detected issues in your platform: Your Composer dependencies require a PHP version ">= 8.1.0". You are running 8.0.26. in /home3/curiowq4/public_html/DEVELOPMENT/vendor/composer/platform_check.php on line 24
[16-Dec-2022 10:31:59 America/Boise] PHP Fatal error:  Composer detected issues in your platform: Your Composer dependencies require a PHP version ">= 8.1.0". You are running 8.0.26. in /home3/curiowq4/public_html/DEVELOPMENT/vendor/composer/platform_check.php on line 24
[16-Dec-2022 10:49:00 America/Boise] PHP Fatal error:  Composer detected issues in your platform: Your Composer dependencies require a PHP version ">= 8.1.0". You are running 8.0.26. in /home3/curiowq4/public_html/DEVELOPMENT/vendor/composer/platform_check.php on line 24
[07-Jan-2023 16:44:11 America/Boise] PHP Warning:  include(/home3/curiowq4/public_html/DEVELOPMENT/vendor/composer/../../app/Http/Kernel.php): Failed to open stream: No such file or directory in /home3/curiowq4/public_html/DEVELOPMENT/vendor/composer/ClassLoader.php on line 571
[07-Jan-2023 16:44:11 America/Boise] PHP Warning:  include(/home3/curiowq4/public_html/DEVELOPMENT/vendor/composer/../../app/Http/Kernel.php): Failed to open stream: No such file or directory in /home3/curiowq4/public_html/DEVELOPMENT/vendor/composer/ClassLoader.php on line 571
[07-Jan-2023 16:44:11 America/Boise] PHP Warning:  include(): Failed opening '/home3/curiowq4/public_html/DEVELOPMENT/vendor/composer/../../app/Http/Kernel.php' for inclusion (include_path='.:/opt/cpanel/ea-php81/root/usr/share/pear') in /home3/curiowq4/public_html/DEVELOPMENT/vendor/composer/ClassLoader.php on line 571
[07-Jan-2023 16:44:11 America/Boise] PHP Fatal error:  Uncaught ReflectionException: Class "App\Http\Kernel" does not exist in /home3/curiowq4/public_html/DEVELOPMENT/vendor/laravel/framework/src/Illuminate/Container/Container.php:875
Stack trace:
#0 /home3/curiowq4/public_html/DEVELOPMENT/vendor/laravel/framework/src/Illuminate/Container/Container.php(875): ReflectionClass->__construct('App\\Http\\Kernel')
#1 /home3/curiowq4/public_html/DEVELOPMENT/vendor/laravel/framework/src/Illuminate/Container/Container.php(756): Illuminate\Container\Container->build('App\\Http\\Kernel')
#2 /home3/curiowq4/public_html/DEVELOPMENT/vendor/laravel/framework/src/Illuminate/Foundation/Application.php(860): Illuminate\Container\Container->resolve('App\\Http\\Kernel', Array, false)
#3 /home3/curiowq4/public_html/DEVELOPMENT/vendor/laravel/framework/src/Illuminate/Container/Container.php(296): Illuminate\Foundation\Application->resolve('App\\Http\\Kernel', Array, false)
#4 /home3/curiowq4/public_html/DEVELOPMENT/vendor/laravel/framework/src/Illuminate/Container/Container.php(871): Illuminate\Container\Container->Illuminate\Container\{closure}(Object(Illuminate\Foundation\Application), Array)
#5 /home3/curiowq4/public_html/DEVELOPMENT/vendor/laravel/framework/src/Illuminate/Container/Container.php(756): Illuminate\Container\Container->build(Object(Closure))
#6 /home3/curiowq4/public_html/DEVELOPMENT/vendor/laravel/framework/src/Illuminate/Foundation/Application.php(860): Illuminate\Container\Container->resolve('Illuminate\\Cont...', Array, true)
#7 /home3/curiowq4/public_html/DEVELOPMENT/vendor/laravel/framework/src/Illuminate/Container/Container.php(692): Illuminate\Foundation\Application->resolve('Illuminate\\Cont...', Array)
#8 /home3/curiowq4/public_html/DEVELOPMENT/vendor/laravel/framework/src/Illuminate/Foundation/Application.php(845): Illuminate\Container\Container->make('Illuminate\\Cont...', Array)
#9 /home3/curiowq4/public_html/DEVELOPMENT/index.php(49): Illuminate\Foundation\Application->make('Illuminate\\Cont...')
#10 {main}

Next Illuminate\Contracts\Container\BindingResolutionException: Target class [App\Http\Kernel] does not exist. in /home3/curiowq4/public_html/DEVELOPMENT/vendor/laravel/framework/src/Illuminate/Container/Container.php:877
Stack trace:
#0 /home3/curiowq4/public_html/DEVELOPMENT/vendor/laravel/framework/src/Illuminate/Container/Container.php(756): Illuminate\Container\Container->build('App\\Http\\Kernel')
#1 /home3/curiowq4/public_html/DEVELOPMENT/vendor/laravel/framework/src/Illuminate/Foundation/Application.php(860): Illuminate\Container\Container->resolve('App\\Http\\Kernel', Array, false)
#2 /home3/curiowq4/public_html/DEVELOPMENT/vendor/laravel/framework/src/Illuminate/Container/Container.php(296): Illuminate\Foundation\Application->resolve('App\\Http\\Kernel', Array, false)
#3 /home3/curiowq4/public_html/DEVELOPMENT/vendor/laravel/framework/src/Illuminate/Container/Container.php(871): Illuminate\Container\Container->Illuminate\Container\{closure}(Object(Illuminate\Foundation\Application), Array)
#4 /home3/curiowq4/public_html/DEVELOPMENT/vendor/laravel/framework/src/Illuminate/Container/Container.php(756): Illuminate\Container\Container->build(Object(Closure))
#5 /home3/curiowq4/public_html/DEVELOPMENT/vendor/laravel/framework/src/Illuminate/Foundation/Application.php(860): Illuminate\Container\Container->resolve('Illuminate\\Cont...', Array, true)
#6 /home3/curiowq4/public_html/DEVELOPMENT/vendor/laravel/framework/src/Illuminate/Container/Container.php(692): Illuminate\Foundation\Application->resolve('Illuminate\\Cont...', Array)
#7 /home3/curiowq4/public_html/DEVELOPMENT/vendor/laravel/framework/src/Illuminate/Foundation/Application.php(845): Illuminate\Container\Container->make('Illuminate\\Cont...', Array)
#8 /home3/curiowq4/public_html/DEVELOPMENT/index.php(49): Illuminate\Foundation\Application->make('Illuminate\\Cont...')
#9 {main}
  thrown in /home3/curiowq4/public_html/DEVELOPMENT/vendor/laravel/framework/src/Illuminate/Container/Container.php on line 877
[07-Jan-2023 16:46:06 America/Boise] PHP Warning:  include(/home3/curiowq4/public_html/DEVELOPMENT/vendor/composer/../../app/Http/Kernel.php): Failed to open stream: No such file or directory in /home3/curiowq4/public_html/DEVELOPMENT/vendor/composer/ClassLoader.php on line 571
[07-Jan-2023 16:46:06 America/Boise] PHP Warning:  include(/home3/curiowq4/public_html/DEVELOPMENT/vendor/composer/../../app/Http/Kernel.php): Failed to open stream: No such file or directory in /home3/curiowq4/public_html/DEVELOPMENT/vendor/composer/ClassLoader.php on line 571
[07-Jan-2023 16:46:06 America/Boise] PHP Warning:  include(): Failed opening '/home3/curiowq4/public_html/DEVELOPMENT/vendor/composer/../../app/Http/Kernel.php' for inclusion (include_path='.:/opt/cpanel/ea-php81/root/usr/share/pear') in /home3/curiowq4/public_html/DEVELOPMENT/vendor/composer/ClassLoader.php on line 571
[07-Jan-2023 16:46:06 America/Boise] PHP Fatal error:  Uncaught ReflectionException: Class "App\Http\Kernel" does not exist in /home3/curiowq4/public_html/DEVELOPMENT/vendor/laravel/framework/src/Illuminate/Container/Container.php:875
Stack trace:
#0 /home3/curiowq4/public_html/DEVELOPMENT/vendor/laravel/framework/src/Illuminate/Container/Container.php(875): ReflectionClass->__construct('App\\Http\\Kernel')
#1 /home3/curiowq4/public_html/DEVELOPMENT/vendor/laravel/framework/src/Illuminate/Container/Container.php(756): Illuminate\Container\Container->build('App\\Http\\Kernel')
#2 /home3/curiowq4/public_html/DEVELOPMENT/vendor/laravel/framework/src/Illuminate/Foundation/Application.php(860): Illuminate\Container\Container->resolve('App\\Http\\Kernel', Array, false)
#3 /home3/curiowq4/public_html/DEVELOPMENT/vendor/laravel/framework/src/Illuminate/Container/Container.php(296): Illuminate\Foundation\Application->resolve('App\\Http\\Kernel', Array, false)
#4 /home3/curiowq4/public_html/DEVELOPMENT/vendor/laravel/framework/src/Illuminate/Container/Container.php(871): Illuminate\Container\Container->Illuminate\Container\{closure}(Object(Illuminate\Foundation\Application), Array)
#5 /home3/curiowq4/public_html/DEVELOPMENT/vendor/laravel/framework/src/Illuminate/Container/Container.php(756): Illuminate\Container\Container->build(Object(Closure))
#6 /home3/curiowq4/public_html/DEVELOPMENT/vendor/laravel/framework/src/Illuminate/Foundation/Application.php(860): Illuminate\Container\Container->resolve('Illuminate\\Cont...', Array, true)
#7 /home3/curiowq4/public_html/DEVELOPMENT/vendor/laravel/framework/src/Illuminate/Container/Container.php(692): Illuminate\Foundation\Application->resolve('Illuminate\\Cont...', Array)
#8 /home3/curiowq4/public_html/DEVELOPMENT/vendor/laravel/framework/src/Illuminate/Foundation/Application.php(845): Illuminate\Container\Container->make('Illuminate\\Cont...', Array)
#9 /home3/curiowq4/public_html/DEVELOPMENT/index.php(49): Illuminate\Foundation\Application->make('Illuminate\\Cont...')
#10 {main}

Next Illuminate\Contracts\Container\BindingResolutionException: Target class [App\Http\Kernel] does not exist. in /home3/curiowq4/public_html/DEVELOPMENT/vendor/laravel/framework/src/Illuminate/Container/Container.php:877
Stack trace:
#0 /home3/curiowq4/public_html/DEVELOPMENT/vendor/laravel/framework/src/Illuminate/Container/Container.php(756): Illuminate\Container\Container->build('App\\Http\\Kernel')
#1 /home3/curiowq4/public_html/DEVELOPMENT/vendor/laravel/framework/src/Illuminate/Foundation/Application.php(860): Illuminate\Container\Container->resolve('App\\Http\\Kernel', Array, false)
#2 /home3/curiowq4/public_html/DEVELOPMENT/vendor/laravel/framework/src/Illuminate/Container/Container.php(296): Illuminate\Foundation\Application->resolve('App\\Http\\Kernel', Array, false)
#3 /home3/curiowq4/public_html/DEVELOPMENT/vendor/laravel/framework/src/Illuminate/Container/Container.php(871): Illuminate\Container\Container->Illuminate\Container\{closure}(Object(Illuminate\Foundation\Application), Array)
#4 /home3/curiowq4/public_html/DEVELOPMENT/vendor/laravel/framework/src/Illuminate/Container/Container.php(756): Illuminate\Container\Container->build(Object(Closure))
#5 /home3/curiowq4/public_html/DEVELOPMENT/vendor/laravel/framework/src/Illuminate/Foundation/Application.php(860): Illuminate\Container\Container->resolve('Illuminate\\Cont...', Array, true)
#6 /home3/curiowq4/public_html/DEVELOPMENT/vendor/laravel/framework/src/Illuminate/Container/Container.php(692): Illuminate\Foundation\Application->resolve('Illuminate\\Cont...', Array)
#7 /home3/curiowq4/public_html/DEVELOPMENT/vendor/laravel/framework/src/Illuminate/Foundation/Application.php(845): Illuminate\Container\Container->make('Illuminate\\Cont...', Array)
#8 /home3/curiowq4/public_html/DEVELOPMENT/index.php(49): Illuminate\Foundation\Application->make('Illuminate\\Cont...')
#9 {main}
  thrown in /home3/curiowq4/public_html/DEVELOPMENT/vendor/laravel/framework/src/Illuminate/Container/Container.php on line 877
[22-Jan-2023 12:43:15 America/Boise] PHP Warning:  require(/home3/curiowq4/public_html/DEVELOPMENT/vendor/autoload.php): Failed to open stream: No such file or directory in /home3/curiowq4/public_html/DEVELOPMENT/index.php on line 34
[22-Jan-2023 12:43:15 America/Boise] PHP Fatal error:  Uncaught Error: Failed opening required '/home3/curiowq4/public_html/DEVELOPMENT/vendor/autoload.php' (include_path='.:/opt/cpanel/ea-php81/root/usr/share/pear') in /home3/curiowq4/public_html/DEVELOPMENT/index.php:34
Stack trace:
#0 {main}
  thrown in /home3/curiowq4/public_html/DEVELOPMENT/index.php on line 34
[22-Jan-2023 12:43:22 America/Boise] PHP Warning:  require(/home3/curiowq4/public_html/DEVELOPMENT/vendor/autoload.php): Failed to open stream: No such file or directory in /home3/curiowq4/public_html/DEVELOPMENT/index.php on line 34
[22-Jan-2023 12:43:22 America/Boise] PHP Fatal error:  Uncaught Error: Failed opening required '/home3/curiowq4/public_html/DEVELOPMENT/vendor/autoload.php' (include_path='.:/opt/cpanel/ea-php81/root/usr/share/pear') in /home3/curiowq4/public_html/DEVELOPMENT/index.php:34
Stack trace:
#0 {main}
  thrown in /home3/curiowq4/public_html/DEVELOPMENT/index.php on line 34
[22-Jan-2023 12:43:25 America/Boise] PHP Warning:  require(/home3/curiowq4/public_html/DEVELOPMENT/vendor/autoload.php): Failed to open stream: No such file or directory in /home3/curiowq4/public_html/DEVELOPMENT/index.php on line 34
[22-Jan-2023 12:43:25 America/Boise] PHP Fatal error:  Uncaught Error: Failed opening required '/home3/curiowq4/public_html/DEVELOPMENT/vendor/autoload.php' (include_path='.:/opt/cpanel/ea-php81/root/usr/share/pear') in /home3/curiowq4/public_html/DEVELOPMENT/index.php:34
Stack trace:
#0 {main}
  thrown in /home3/curiowq4/public_html/DEVELOPMENT/index.php on line 34
[22-Jan-2023 12:43:28 America/Boise] PHP Warning:  require(/home3/curiowq4/public_html/DEVELOPMENT/vendor/autoload.php): Failed to open stream: No such file or directory in /home3/curiowq4/public_html/DEVELOPMENT/index.php on line 34
[22-Jan-2023 12:43:28 America/Boise] PHP Fatal error:  Uncaught Error: Failed opening required '/home3/curiowq4/public_html/DEVELOPMENT/vendor/autoload.php' (include_path='.:/opt/cpanel/ea-php81/root/usr/share/pear') in /home3/curiowq4/public_html/DEVELOPMENT/index.php:34
Stack trace:
#0 {main}
  thrown in /home3/curiowq4/public_html/DEVELOPMENT/index.php on line 34
[22-Jan-2023 12:53:53 America/Boise] PHP Warning:  require(/home3/curiowq4/public_html/DEVELOPMENT/vendor/autoload.php): Failed to open stream: No such file or directory in /home3/curiowq4/public_html/DEVELOPMENT/index.php on line 34
[22-Jan-2023 12:53:53 America/Boise] PHP Warning:  require(/home3/curiowq4/public_html/DEVELOPMENT/vendor/autoload.php): Failed to open stream: No such file or directory in /home3/curiowq4/public_html/DEVELOPMENT/index.php on line 34
[22-Jan-2023 12:53:53 America/Boise] PHP Fatal error:  Uncaught Error: Failed opening required '/home3/curiowq4/public_html/DEVELOPMENT/vendor/autoload.php' (include_path='.:/opt/cpanel/ea-php81/root/usr/share/pear') in /home3/curiowq4/public_html/DEVELOPMENT/index.php:34
Stack trace:
#0 {main}
  thrown in /home3/curiowq4/public_html/DEVELOPMENT/index.php on line 34
[22-Jan-2023 12:54:44 America/Boise] PHP Warning:  require(/home3/curiowq4/public_html/DEVELOPMENT/vendor/autoload.php): Failed to open stream: No such file or directory in /home3/curiowq4/public_html/DEVELOPMENT/index.php on line 34
[22-Jan-2023 12:54:44 America/Boise] PHP Warning:  require(/home3/curiowq4/public_html/DEVELOPMENT/vendor/autoload.php): Failed to open stream: No such file or directory in /home3/curiowq4/public_html/DEVELOPMENT/index.php on line 34
[22-Jan-2023 12:54:44 America/Boise] PHP Fatal error:  Uncaught Error: Failed opening required '/home3/curiowq4/public_html/DEVELOPMENT/vendor/autoload.php' (include_path='.:/opt/cpanel/ea-php81/root/usr/share/pear') in /home3/curiowq4/public_html/DEVELOPMENT/index.php:34
Stack trace:
#0 {main}
  thrown in /home3/curiowq4/public_html/DEVELOPMENT/index.php on line 34
[22-Jan-2023 12:54:58 America/Boise] PHP Warning:  require(/home3/curiowq4/public_html/DEVELOPMENT/vendor/autoload.php): Failed to open stream: No such file or directory in /home3/curiowq4/public_html/DEVELOPMENT/index.php on line 34
[22-Jan-2023 12:54:58 America/Boise] PHP Warning:  require(/home3/curiowq4/public_html/DEVELOPMENT/vendor/autoload.php): Failed to open stream: No such file or directory in /home3/curiowq4/public_html/DEVELOPMENT/index.php on line 34
[22-Jan-2023 12:54:58 America/Boise] PHP Fatal error:  Uncaught Error: Failed opening required '/home3/curiowq4/public_html/DEVELOPMENT/vendor/autoload.php' (include_path='.:/opt/cpanel/ea-php81/root/usr/share/pear') in /home3/curiowq4/public_html/DEVELOPMENT/index.php:34
Stack trace:
#0 {main}
  thrown in /home3/curiowq4/public_html/DEVELOPMENT/index.php on line 34
